Model yolov8n-seg loaded successfully
 * Serving Flask app 'app'
 * Debug mode: on
Model yolov8n-seg loaded successfully
Client connected: SDtfevlnSLht5RIbAAAB
Client disconnected: SDtfevlnSLht5RIbAAAB
Client connected: lJnDG0V0X7k79oE_AAAD
Client disconnected: lJnDG0V0X7k79oE_AAAD
Model yolov8n-seg loaded successfully
Model yolov8n-seg loaded successfully
Model yolov8n-seg loaded successfully
Client connected: Gh84DbZEPF9rzsOmAAAB
Client disconnected: Gh84DbZEPF9rzsOmAAAB
Client connected: WhuWY78jTxVxVyY0AAAD
Client disconnected: WhuWY78jTxVxVyY0AAAD
Client connected: PqLmcY0YIVJG3E8jAAAF
Client disconnected: PqLmcY0YIVJG3E8jAAAF
Client connected: m9BRsOgObTpjT0c9AAAH
Client connected: yG6nzCzwADtztSsWAAAJ
Client disconnected: yG6nzCzwADtztSsWAAAJ
Client connected: NkO31YJMDkoHg-B0AAAL
Client disconnected: NkO31YJMDkoHg-B0AAAL
Client disconnected: m9BRsOgObTpjT0c9AAAH
Client connected: JncBIpXG0BpCXWpyAAAN
Client connected: sh_dAd-jp8ExHO4OAAAP
Client disconnected: sh_dAd-jp8ExHO4OAAAP
Client disconnected: JncBIpXG0BpCXWpyAAAN
Client connected: wz8sn1lxLe8561bnAAAS
Client disconnected: wz8sn1lxLe8561bnAAAS
Client connected: mNueFebusdcNd01eAAAV
Model yolov8n-seg loaded successfully
Client connected: uw6ITzaMZGFgsCAzAAAB
Model yolov8n-seg loaded successfully
Client connected: mWrUmB4wym7uzYAnAAAB
Model yolov8n-seg loaded successfully
Client connected: Cs2NK2en3xV_5KuKAAAB
Client connected: TfY7vntA0_VqA5LuAAAD
Client connected: 4TfI93JM0YAXlVvkAAAF
Client disconnected: TfY7vntA0_VqA5LuAAAD
Client disconnected: 4TfI93JM0YAXlVvkAAAF
Client disconnected: Cs2NK2en3xV_5KuKAAAB
Client connected: 5_-RfAZAaUUsGAeSAAAI
